<?xml version="1.0" encoding="UTF-8"?>
<!-- Generated by org.testng.reporters.JUnitXMLReporter -->
<testsuite ignored="1" hostname="DESKTOP-0JVHV1V" failures="0" tests="12" name="Test" time="0.077" errors="0" timestamp="2023-08-02T15:47:23 IST">
  <testcase classname="ecommerce.Ac" name="lg" time="0.012"/>
  <testcase classname="ecommerce.Ac" name="voltas" time="0.001"/>
  <testcase classname="ecommerce.Bankng" name="cod" time="0.001"/>
  <testcase classname="ecommerce.Bankng" name="creditcard" time="0.001"/>
  <testcase classname="ecommerce.Bankng" name="debitcard" time="0.002"/>
  <testcase classname="ecommerce.Bankng" name="giftcard" time="0.002"/>
  <testcase classname="ecommerce.Mobile" name="mobileiphone" time="0.001"/>
  <testcase classname="ecommerce.Mobile" name="mobileonepluse" time="0.001"/>
  <testcase classname="ecommerce.Product" name="fridge" time="0.002"/>
  <testcase classname="ecommerce.Product" name="laptop" time="0.001"/>
  <testcase classname="ecommerce.Product" name="mobile" time="0.001"/>
  <testcase classname="ecommerce.Product" name="tv" time="0.001"/>
  <testcase classname="ecommerce.Mobile" name="mobilesamsung" time="0.0">
    <ignored/>
  </testcase> <!-- mobilesamsung -->
</testsuite> <!-- Test -->
