<?xml version="1.0" encoding="UTF-8"?>
<!-- Generated by org.testng.reporters.JUnitXMLReporter -->
<testsuite ignored="3" hostname="DESKTOP-0JVHV1V" failures="0" tests="1" name="Test1" time="0.003" errors="0" timestamp="2023-08-02T14:29:28 IST">
  <testcase classname="ecommerce.Bankng" name="giftcard" time="0.0"/>
  <testcase classname="ecommerce.Bankng" name="creditcard" time="0.0">
    <ignored/>
  </testcase> <!-- creditcard -->
  <testcase classname="ecommerce.Bankng" name="debitcard" time="0.0">
    <ignored/>
  </testcase> <!-- debitcard -->
  <testcase classname="ecommerce.Bankng" name="cod" time="0.0">
    <ignored/>
  </testcase> <!-- cod -->
</testsuite> <!-- Test1 -->
