<?xml version="1.0" encoding="UTF-8"?>
<!-- Generated by org.testng.reporters.JUnitXMLReporter -->
<testsuite ignored="9" hostname="DESKTOP-0JVHV1V" failures="0" tests="4" name="regression" time="0.059" errors="0" timestamp="2023-08-04T09:20:41 IST">
  <testcase classname="ecommerce.Ac" name="voltas" time="0.011"/>
  <testcase classname="ecommerce.Bankng" name="debitcard" time="0.001"/>
  <testcase classname="ecommerce.Product" name="laptop" time="0.001"/>
  <testcase classname="ecommerce.Mobile" name="mobileonepluse" time="0.001"/>
  <testcase classname="ecommerce.Bankng" name="creditcard" time="0.0">
    <ignored/>
  </testcase> <!-- creditcard -->
  <testcase classname="ecommerce.Bankng" name="giftcard" time="0.0">
    <ignored/>
  </testcase> <!-- giftcard -->
  <testcase classname="ecommerce.Product" name="fridge" time="0.0">
    <ignored/>
  </testcase> <!-- fridge -->
  <testcase classname="ecommerce.Mobile" name="mobilesamsung" time="0.0">
    <ignored/>
  </testcase> <!-- mobilesamsung -->
  <testcase classname="ecommerce.Ac" name="lg" time="0.0">
    <ignored/>
  </testcase> <!-- lg -->
  <testcase classname="ecommerce.Bankng" name="cod" time="0.0">
    <ignored/>
  </testcase> <!-- cod -->
  <testcase classname="ecommerce.Product" name="mobile" time="0.0">
    <ignored/>
  </testcase> <!-- mobile -->
  <testcase classname="ecommerce.Product" name="tv" time="0.0">
    <ignored/>
  </testcase> <!-- tv -->
  <testcase classname="ecommerce.Mobile" name="mobileiphone" time="0.0">
    <ignored/>
  </testcase> <!-- mobileiphone -->
</testsuite> <!-- regression -->
